<?xml version="1.0" encoding="UTF-8"?>
<coverage generated="1698332074361" clover="3.2.0">
  <project timestamp="1698332074362" name="All files">
    <metrics statements="15" coveredstatements="15" conditionals="6" coveredconditionals="6" methods="9" coveredmethods="6" elements="30" coveredelements="27" complexity="0" loc="15" ncloc="15" packages="1" files="1" classes="1"/>
    <file name="gradeCalculations.js" path="D:\coding\work\rafli\latihan\dicoding-belajarjavascript\testing\gradeCalculations.js">
      <metrics statements="15" coveredstatements="15" conditionals="6" coveredconditionals="6" methods="9" coveredmethods="6"/>
      <line num="1" count="1" type="stmt"/>
      <line num="2" count="14" type="stmt"/>
      <line num="3" count="4" type="cond" truecount="2" falsecount="0"/>
      <line num="5" count="12" type="stmt"/>
      <line num="6" count="3" type="stmt"/>
      <line num="9" count="1" type="stmt"/>
      <line num="10" count="2" type="stmt"/>
      <line num="11" count="2" type="stmt"/>
      <line num="13" count="2" type="cond" truecount="2" falsecount="0"/>
      <line num="14" count="1" type="stmt"/>
      <line num="15" count="1" type="stmt"/>
      <line num="17" count="1" type="stmt"/>
      <line num="18" count="1" type="stmt"/>
      <line num="22" count="1" type="stmt"/>
      <line num="29" count="2" type="cond" truecount="2" falsecount="0"/>
    </file>
  </project>
</coverage>
