{"D:\\coding\\work\\rafli\\latihan\\dicoding-belajarjavascript\\testing\\gradeCalculations.js": {"path":"D:\\coding\\work\\rafli\\latihan\\dicoding-belajarjavascript\\testing\\gradeCalculations.js","statementMap":{"0":{"start":{"line":1,"column":21},"end":{"line":7,"column":1}},"1":{"start":{"line":2,"column":29},"end":{"line":2,"column":79}},"2":{"start":{"line":2,"column":54},"end":{"line":2,"column":78}},"3":{"start":{"line":3,"column":4},"end":{"line":3,"column":62}},"4":{"start":{"line":3,"column":27},"end":{"line":3,"column":62}},"5":{"start":{"line":5,"column":22},"end":{"line":5,"column":100}},"6":{"start":{"line":5,"column":70},"end":{"line":5,"column":96}},"7":{"start":{"line":6,"column":4},"end":{"line":6,"column":41}},"8":{"start":{"line":9,"column":26},"end":{"line":20,"column":1}},"9":{"start":{"line":10,"column":22},"end":{"line":10,"column":24}},"10":{"start":{"line":11,"column":20},"end":{"line":11,"column":44}},"11":{"start":{"line":13,"column":4},"end":{"line":19,"column":5}},"12":{"start":{"line":14,"column":28},"end":{"line":14,"column":91}},"13":{"start":{"line":15,"column":8},"end":{"line":15,"column":20}},"14":{"start":{"line":17,"column":28},"end":{"line":17,"column":91}},"15":{"start":{"line":18,"column":8},"end":{"line":18,"column":21}},"16":{"start":{"line":22,"column":0},"end":{"line":22,"column":53}},"17":{"start":{"line":29,"column":38},"end":{"line":29,"column":37582}},"18":{"start":{"line":29,"column":42},"end":{"line":29,"column":37571}},"19":{"start":{"line":29,"column":37607},"end":{"line":29,"column":37647}},"20":{"start":{"line":29,"column":37611},"end":{"line":29,"column":37636}},"21":{"start":{"line":29,"column":37648},"end":{"line":29,"column":37656}},"22":{"start":{"line":29,"column":37681},"end":{"line":29,"column":37723}},"23":{"start":{"line":29,"column":37685},"end":{"line":29,"column":37712}},"24":{"start":{"line":29,"column":37724},"end":{"line":29,"column":37732}},"25":{"start":{"line":29,"column":37751},"end":{"line":29,"column":37788}},"26":{"start":{"line":29,"column":37755},"end":{"line":29,"column":37777}},"27":{"start":{"line":29,"column":37807},"end":{"line":29,"column":37847}},"28":{"start":{"line":29,"column":37811},"end":{"line":29,"column":37836}}},"fnMap":{"0":{"name":"(anonymous_0)","decl":{"start":{"line":1,"column":21},"end":{"line":1,"column":22}},"loc":{"start":{"line":1,"column":37},"end":{"line":7,"column":1}},"line":1},"1":{"name":"(anonymous_1)","decl":{"start":{"line":2,"column":46},"end":{"line":2,"column":47}},"loc":{"start":{"line":2,"column":54},"end":{"line":2,"column":78}},"line":2},"2":{"name":"(anonymous_2)","decl":{"start":{"line":5,"column":40},"end":{"line":5,"column":41}},"loc":{"start":{"line":5,"column":70},"end":{"line":5,"column":96}},"line":5},"3":{"name":"(anonymous_3)","decl":{"start":{"line":9,"column":26},"end":{"line":9,"column":27}},"loc":{"start":{"line":9,"column":48},"end":{"line":20,"column":1}},"line":9},"4":{"name":"oo_cm","decl":{"start":{"line":29,"column":30},"end":{"line":29,"column":35}},"loc":{"start":{"line":29,"column":37},"end":{"line":29,"column":37583}},"line":29},"5":{"name":"oo_oo","decl":{"start":{"line":29,"column":37593},"end":{"line":29,"column":37598}},"loc":{"start":{"line":29,"column":37606},"end":{"line":29,"column":37657}},"line":29},"6":{"name":"oo_tr","decl":{"start":{"line":29,"column":37667},"end":{"line":29,"column":37672}},"loc":{"start":{"line":29,"column":37680},"end":{"line":29,"column":37733}},"line":29},"7":{"name":"oo_ts","decl":{"start":{"line":29,"column":37743},"end":{"line":29,"column":37748}},"loc":{"start":{"line":29,"column":37750},"end":{"line":29,"column":37789}},"line":29},"8":{"name":"oo_te","decl":{"start":{"line":29,"column":37799},"end":{"line":29,"column":37804}},"loc":{"start":{"line":29,"column":37806},"end":{"line":29,"column":37848}},"line":29}},"branchMap":{"0":{"loc":{"start":{"line":3,"column":4},"end":{"line":3,"column":62}},"type":"if","locations":[{"start":{"line":3,"column":4},"end":{"line":3,"column":62}},{"start":{},"end":{}}],"line":3},"1":{"loc":{"start":{"line":13,"column":4},"end":{"line":19,"column":5}},"type":"if","locations":[{"start":{"line":13,"column":4},"end":{"line":19,"column":5}},{"start":{"line":16,"column":11},"end":{"line":19,"column":5}}],"line":13},"2":{"loc":{"start":{"line":29,"column":49},"end":{"line":29,"column":37570}},"type":"binary-expr","locations":[{"start":{"line":29,"column":49},"end":{"line":29,"column":86}},{"start":{"line":29,"column":90},"end":{"line":29,"column":37570}}],"line":29}},"s":{"0":1,"1":4,"2":14,"3":4,"4":1,"5":3,"6":12,"7":3,"8":1,"9":2,"10":2,"11":2,"12":1,"13":1,"14":1,"15":1,"16":1,"17":2,"18":2,"19":2,"20":2,"21":2,"22":0,"23":0,"24":0,"25":0,"26":0,"27":0,"28":0},"f":{"0":4,"1":14,"2":12,"3":2,"4":2,"5":2,"6":0,"7":0,"8":0},"b":{"0":[1,3],"1":[1,1],"2":[2,1]},"_coverageSchema":"1a1c01bbd47fc00a2c39e90264f33305004495a9","hash":"b9def4abefd0441964218f94b5012c1100aa65c7"}
}
